# JRE version: OpenJDK Runtime Environment (8.0_212-b04) (build 1.8.0_212-release-1586-b04)
# Java VM: OpenJDK 64-Bit Server VM (25.212-b04 mixed mode windows-amd64 compressed oops)
Heap:
 PSYoungGen      total 202240K, used 113821K [0x00000000e0000000, 0x00000000ee680000, 0x0000000100000000)
  eden space 177664K, 51% used [0x00000000e0000000,0x00000000e58e2f30,0x00000000ead80000)
  from space 24576K, 92% used [0x00000000ece80000,0x00000000ee4c46f0,0x00000000ee680000)
  to   space 29184K, 0% used [0x00000000ead80000,0x00000000ead80000,0x00000000eca00000)
 ParOldGen       total 126976K, used 36521K [0x00000000a0000000, 0x00000000a7c00000, 0x00000000e0000000)
  object space 126976K, 28% used [0x00000000a0000000,0x00000000a23aa5f8,0x00000000a7c00000)
 Metaspace       used 89367K, capacity 94341K, committed 94616K, reserved 1130496K
  class space    used 11957K, capacity 12876K, committed 12952K, reserved 1048576K
GC Heap History (10 events):
Event: 47.186 GC heap before
{Heap before GC invocations=15 (full 3):
 PSYoungGen      total 177664K, used 17110K [0x00000000e0000000, 0x00000000ec380000, 0x0000000100000000)
  eden space 159232K, 0% used [0x00000000e0000000,0x00000000e0000000,0x00000000e9b80000)
  from space 18432K, 92% used [0x00000000eaf80000,0x00000000ec035a38,0x00000000ec180000)
  to   space 20480K, 0% used [0x00000000e9b80000,0x00000000e9b80000,0x00000000eaf80000)
 ParOldGen       total 88064K, used 24160K [0x00000000a0000000, 0x00000000a5600000, 0x00000000e0000000)
  object space 88064K, 27% used [0x00000000a0000000,0x00000000a1798328,0x00000000a5600000)
 Metaspace       used 57133K, capacity 59099K, committed 59160K, reserved 1099776K
  class space    used 7924K, capacity 8411K, committed 8472K, reserved 1048576K
Event: 47.384 GC heap after
Heap after GC invocations=15 (full 3):
 PSYoungGen      total 177664K, used 0K [0x00000000e0000000, 0x00000000ec380000, 0x0000000100000000)
  eden space 159232K, 0% used [0x00000000e0000000,0x00000000e0000000,0x00000000e9b80000)
  from space 18432K, 0% used [0x00000000eaf80000,0x00000000eaf80000,0x00000000ec180000)
  to   space 20480K, 0% used [0x00000000e9b80000,0x00000000e9b80000,0x00000000eaf80000)
 ParOldGen       total 126976K, used 31577K [0x00000000a0000000, 0x00000000a7c00000, 0x00000000e0000000)
  object space 126976K, 24% used [0x00000000a0000000,0x00000000a1ed64c0,0x00000000a7c00000)
 Metaspace       used 57085K, capacity 58971K, committed 59160K, reserved 1099776K
  class space    used 7908K, capacity 8383K, committed 8472K, reserved 1048576K
}
Event: 57.695 GC heap before
{Heap before GC invocations=16 (full 3):
 PSYoungGen      total 177664K, used 159232K [0x00000000e0000000, 0x00000000ec380000, 0x0000000100000000)
  eden space 159232K, 100% used [0x00000000e0000000,0x00000000e9b80000,0x00000000e9b80000)
  from space 18432K, 0% used [0x00000000eaf80000,0x00000000eaf80000,0x00000000ec180000)
  to   space 20480K, 0% used [0x00000000e9b80000,0x00000000e9b80000,0x00000000eaf80000)
 ParOldGen       total 126976K, used 31577K [0x00000000a0000000, 0x00000000a7c00000, 0x00000000e0000000)
  object space 126976K, 24% used [0x00000000a0000000,0x00000000a1ed64c0,0x00000000a7c00000)
 Metaspace       used 63334K, capacity 65795K, committed 65944K, reserved 1105920K
  class space    used 8717K, capacity 9255K, committed 9368K, reserved 1048576K
Event: 57.704 GC heap after
Heap after GC invocations=16 (full 3):
 PSYoungGen      total 179712K, used 11612K [0x00000000e0000000, 0x00000000ee500000, 0x0000000100000000)
  eden space 159232K, 0% used [0x00000000e0000000,0x00000000e0000000,0x00000000e9b80000)
  from space 20480K, 56% used [0x00000000e9b80000,0x00000000ea6d7050,0x00000000eaf80000)
  to   space 19968K, 0% used [0x00000000ed180000,0x00000000ed180000,0x00000000ee500000)
 ParOldGen       total 126976K, used 31585K [0x00000000a0000000, 0x00000000a7c00000, 0x00000000e0000000)
  object space 126976K, 24% used [0x00000000a0000000,0x00000000a1ed84c0,0x00000000a7c00000)
 Metaspace       used 63334K, capacity 65795K, committed 65944K, reserved 1105920K
  class space    used 8717K, capacity 9255K, committed 9368K, reserved 1048576K
}
Event: 76.122 GC heap before
{Heap before GC invocations=17 (full 3):
 PSYoungGen      total 179712K, used 170844K [0x00000000e0000000, 0x00000000ee500000, 0x0000000100000000)
  eden space 159232K, 100% used [0x00000000e0000000,0x00000000e9b80000,0x00000000e9b80000)
  from space 20480K, 56% used [0x00000000e9b80000,0x00000000ea6d7050,0x00000000eaf80000)
  to   space 19968K, 0% used [0x00000000ed180000,0x00000000ed180000,0x00000000ee500000)
 ParOldGen       total 126976K, used 31585K [0x00000000a0000000, 0x00000000a7c00000, 0x00000000e0000000)
  object space 126976K, 24% used [0x00000000a0000000,0x00000000a1ed84c0,0x00000000a7c00000)
 Metaspace       used 73879K, capacity 76981K, committed 77336K, reserved 1116160K
  class space    used 10056K, capacity 10672K, committed 10776K, reserved 1048576K
Event: 76.140 GC heap after
Heap after GC invocations=17 (full 3):
 PSYoungGen      total 209920K, used 19941K [0x00000000e0000000, 0x00000000ee980000, 0x0000000100000000)
  eden space 189952K, 0% used [0x00000000e0000000,0x00000000e0000000,0x00000000eb980000)
  from space 19968K, 99% used [0x00000000ed180000,0x00000000ee4f9798,0x00000000ee500000)
  to   space 24576K, 0% used [0x00000000eb980000,0x00000000eb980000,0x00000000ed180000)
 ParOldGen       total 126976K, used 36497K [0x00000000a0000000, 0x00000000a7c00000, 0x00000000e0000000)
  object space 126976K, 28% used [0x00000000a0000000,0x00000000a23a45f8,0x00000000a7c00000)
 Metaspace       used 73879K, capacity 76981K, committed 77336K, reserved 1116160K
  class space    used 10056K, capacity 10672K, committed 10776K, reserved 1048576K
}
Event: 84.858 GC heap before
{Heap before GC invocations=18 (full 3):
 PSYoungGen      total 209920K, used 209893K [0x00000000e0000000, 0x00000000ee980000, 0x0000000100000000)
  eden space 189952K, 100% used [0x00000000e0000000,0x00000000eb980000,0x00000000eb980000)
  from space 19968K, 99% used [0x00000000ed180000,0x00000000ee4f9798,0x00000000ee500000)
  to   space 24576K, 0% used [0x00000000eb980000,0x00000000eb980000,0x00000000ed180000)
 ParOldGen       total 126976K, used 36497K [0x00000000a0000000, 0x00000000a7c00000, 0x00000000e0000000)
  object space 126976K, 28% used [0x00000000a0000000,0x00000000a23a45f8,0x00000000a7c00000)
 Metaspace       used 82108K, capacity 86679K, committed 86808K, reserved 1124352K
  class space    used 11229K, capacity 12027K, committed 12056K, reserved 1048576K
Event: 84.872 GC heap after
Heap after GC invocations=18 (full 3):
 PSYoungGen      total 205312K, used 21352K [0x00000000e0000000, 0x00000000ee780000, 0x0000000100000000)
  eden space 183808K, 0% used [0x00000000e0000000,0x00000000e0000000,0x00000000eb380000)
  from space 21504K, 99% used [0x00000000eb980000,0x00000000ece5a100,0x00000000ece80000)
  to   space 25600K, 0% used [0x00000000ece80000,0x00000000ece80000,0x00000000ee780000)
 ParOldGen       total 126976K, used 36513K [0x00000000a0000000, 0x00000000a7c00000, 0x00000000e0000000)
  object space 126976K, 28% used [0x00000000a0000000,0x00000000a23a85f8,0x00000000a7c00000)
 Metaspace       used 82108K, capacity 86679K, committed 86808K, reserved 1124352K
  class space    used 11229K, capacity 12027K, committed 12056K, reserved 1048576K
}
Event: 148.551 GC heap before
{Heap before GC invocations=19 (full 3):
 PSYoungGen      total 205312K, used 205160K [0x00000000e0000000, 0x00000000ee780000, 0x0000000100000000)
  eden space 183808K, 100% used [0x00000000e0000000,0x00000000eb380000,0x00000000eb380000)
  from space 21504K, 99% used [0x00000000eb980000,0x00000000ece5a100,0x00000000ece80000)
  to   space 25600K, 0% used [0x00000000ece80000,0x00000000ece80000,0x00000000ee780000)
 ParOldGen       total 126976K, used 36513K [0x00000000a0000000, 0x00000000a7c00000, 0x00000000e0000000)
  object space 126976K, 28% used [0x00000000a0000000,0x00000000a23a85f8,0x00000000a7c00000)
 Metaspace       used 88583K, capacity 93447K, committed 93720K, reserved 1130496K
  class space    used 11927K, capacity 12811K, committed 12824K, reserved 1048576K
Event: 148.565 GC heap after
Heap after GC invocations=19 (full 3):
 PSYoungGen      total 202240K, used 22801K [0x00000000e0000000, 0x00000000ee680000, 0x0000000100000000)
  eden space 177664K, 0% used [0x00000000e0000000,0x00000000e0000000,0x00000000ead80000)
  from space 24576K, 92% used [0x00000000ece80000,0x00000000ee4c46f0,0x00000000ee680000)
  to   space 29184K, 0% used [0x00000000ead80000,0x00000000ead80000,0x00000000eca00000)
 ParOldGen       total 126976K, used 36521K [0x00000000a0000000, 0x00000000a7c00000, 0x00000000e0000000)
  object space 126976K, 28% used [0x00000000a0000000,0x00000000a23aa5f8,0x00000000a7c00000)
 Metaspace       used 88583K, capacity 93447K, committed 93720K, reserved 1130496K
  class space    used 11927K, capacity 12811K, committed 12824K, reserved 1048576K
}

