# JRE version: OpenJDK Runtime Environment (8.0_212-b04) (build 1.8.0_212-release-1586-b04)
# Java VM: OpenJDK 64-Bit Server VM (25.212-b04 mixed mode windows-amd64 compressed oops)
Heap:
 PSYoungGen      total 185344K, used 42531K [0x00000000e0000000, 0x00000000ef100000, 0x0000000100000000)
  eden space 163328K, 12% used [0x00000000e0000000,0x00000000e140b540,0x00000000e9f80000)
  from space 22016K, 99% used [0x00000000edb80000,0x00000000ef0fda80,0x00000000ef100000)
  to   space 25088K, 0% used [0x00000000ec000000,0x00000000ec000000,0x00000000ed880000)
 ParOldGen       total 151552K, used 36512K [0x00000000a0000000, 0x00000000a9400000, 0x00000000e0000000)
  object space 151552K, 24% used [0x00000000a0000000,0x00000000a23a8210,0x00000000a9400000)
 Metaspace       used 74014K, capacity 76950K, committed 77184K, reserved 1116160K
  class space    used 9851K, capacity 10499K, committed 10624K, reserved 1048576K
GC Heap History (10 events):
Event: 38.132 GC heap before
{Heap before GC invocations=11 (full 2):
 PSYoungGen      total 156672K, used 141824K [0x00000000e0000000, 0x00000000ecd80000, 0x0000000100000000)
  eden space 141824K, 100% used [0x00000000e0000000,0x00000000e8a80000,0x00000000e8a80000)
  from space 14848K, 0% used [0x00000000e9900000,0x00000000e9900000,0x00000000ea780000)
  to   space 14848K, 0% used [0x00000000e8a80000,0x00000000e8a80000,0x00000000e9900000)
 ParOldGen       total 102400K, used 16856K [0x00000000a0000000, 0x00000000a6400000, 0x00000000e0000000)
  object space 102400K, 16% used [0x00000000a0000000,0x00000000a10761b8,0x00000000a6400000)
 Metaspace       used 47972K, capacity 49464K, committed 49536K, reserved 1091584K
  class space    used 6416K, capacity 6763K, committed 6784K, reserved 1048576K
Event: 38.143 GC heap after
Heap after GC invocations=11 (full 2):
 PSYoungGen      total 156672K, used 14822K [0x00000000e0000000, 0x00000000ecb00000, 0x0000000100000000)
  eden space 141824K, 0% used [0x00000000e0000000,0x00000000e0000000,0x00000000e8a80000)
  from space 14848K, 99% used [0x00000000e8a80000,0x00000000e98f9bd8,0x00000000e9900000)
  to   space 17920K, 0% used [0x00000000eb980000,0x00000000eb980000,0x00000000ecb00000)
 ParOldGen       total 102400K, used 19537K [0x00000000a0000000, 0x00000000a6400000, 0x00000000e0000000)
  object space 102400K, 19% used [0x00000000a0000000,0x00000000a1314470,0x00000000a6400000)
 Metaspace       used 47972K, capacity 49464K, committed 49536K, reserved 1091584K
  class space    used 6416K, capacity 6763K, committed 6784K, reserved 1048576K
}
Event: 41.365 GC heap before
{Heap before GC invocations=12 (full 2):
 PSYoungGen      total 156672K, used 132270K [0x00000000e0000000, 0x00000000ecb00000, 0x0000000100000000)
  eden space 141824K, 82% used [0x00000000e0000000,0x00000000e72b2018,0x00000000e8a80000)
  from space 14848K, 99% used [0x00000000e8a80000,0x00000000e98f9bd8,0x00000000e9900000)
  to   space 17920K, 0% used [0x00000000eb980000,0x00000000eb980000,0x00000000ecb00000)
 ParOldGen       total 102400K, used 19537K [0x00000000a0000000, 0x00000000a6400000, 0x00000000e0000000)
  object space 102400K, 19% used [0x00000000a0000000,0x00000000a1314470,0x00000000a6400000)
 Metaspace       used 57080K, capacity 59054K, committed 59160K, reserved 1099776K
  class space    used 7757K, capacity 8228K, committed 8320K, reserved 1048576K
Event: 41.384 GC heap after
Heap after GC invocations=12 (full 2):
 PSYoungGen      total 186368K, used 17898K [0x00000000e0000000, 0x00000000ed180000, 0x0000000100000000)
  eden space 168448K, 0% used [0x00000000e0000000,0x00000000e0000000,0x00000000ea480000)
  from space 17920K, 99% used [0x00000000eb980000,0x00000000ecafa9e8,0x00000000ecb00000)
  to   space 21504K, 0% used [0x00000000ea480000,0x00000000ea480000,0x00000000eb980000)
 ParOldGen       total 102400K, used 22961K [0x00000000a0000000, 0x00000000a6400000, 0x00000000e0000000)
  object space 102400K, 22% used [0x00000000a0000000,0x00000000a166c500,0x00000000a6400000)
 Metaspace       used 57080K, capacity 59054K, committed 59160K, reserved 1099776K
  class space    used 7757K, capacity 8228K, committed 8320K, reserved 1048576K
}
Event: 41.384 GC heap before
{Heap before GC invocations=13 (full 3):
 PSYoungGen      total 186368K, used 17898K [0x00000000e0000000, 0x00000000ed180000, 0x0000000100000000)
  eden space 168448K, 0% used [0x00000000e0000000,0x00000000e0000000,0x00000000ea480000)
  from space 17920K, 99% used [0x00000000eb980000,0x00000000ecafa9e8,0x00000000ecb00000)
  to   space 21504K, 0% used [0x00000000ea480000,0x00000000ea480000,0x00000000eb980000)
 ParOldGen       total 102400K, used 22961K [0x00000000a0000000, 0x00000000a6400000, 0x00000000e0000000)
  object space 102400K, 22% used [0x00000000a0000000,0x00000000a166c500,0x00000000a6400000)
 Metaspace       used 57080K, capacity 59054K, committed 59160K, reserved 1099776K
  class space    used 7757K, capacity 8228K, committed 8320K, reserved 1048576K
Event: 41.627 GC heap after
Heap after GC invocations=13 (full 3):
 PSYoungGen      total 186368K, used 0K [0x00000000e0000000, 0x00000000ed180000, 0x0000000100000000)
  eden space 168448K, 0% used [0x00000000e0000000,0x00000000e0000000,0x00000000ea480000)
  from space 17920K, 0% used [0x00000000eb980000,0x00000000eb980000,0x00000000ecb00000)
  to   space 21504K, 0% used [0x00000000ea480000,0x00000000ea480000,0x00000000eb980000)
 ParOldGen       total 151552K, used 36220K [0x00000000a0000000, 0x00000000a9400000, 0x00000000e0000000)
  object space 151552K, 23% used [0x00000000a0000000,0x00000000a235f398,0x00000000a9400000)
 Metaspace       used 57027K, capacity 58876K, committed 59160K, reserved 1099776K
  class space    used 7742K, capacity 8205K, committed 8320K, reserved 1048576K
}
Event: 46.013 GC heap before
{Heap before GC invocations=14 (full 3):
 PSYoungGen      total 186368K, used 168448K [0x00000000e0000000, 0x00000000ed180000, 0x0000000100000000)
  eden space 168448K, 100% used [0x00000000e0000000,0x00000000ea480000,0x00000000ea480000)
  from space 17920K, 0% used [0x00000000eb980000,0x00000000eb980000,0x00000000ecb00000)
  to   space 21504K, 0% used [0x00000000ea480000,0x00000000ea480000,0x00000000eb980000)
 ParOldGen       total 151552K, used 36220K [0x00000000a0000000, 0x00000000a9400000, 0x00000000e0000000)
  object space 151552K, 23% used [0x00000000a0000000,0x00000000a235f398,0x00000000a9400000)
 Metaspace       used 64667K, capacity 66788K, committed 67072K, reserved 1107968K
  class space    used 8906K, capacity 9377K, committed 9472K, reserved 1048576K
Event: 46.023 GC heap after
Heap after GC invocations=14 (full 3):
 PSYoungGen      total 189952K, used 14122K [0x00000000e0000000, 0x00000000ef100000, 0x0000000100000000)
  eden space 168448K, 0% used [0x00000000e0000000,0x00000000e0000000,0x00000000ea480000)
  from space 21504K, 65% used [0x00000000ea480000,0x00000000eb24aa80,0x00000000eb980000)
  to   space 22016K, 0% used [0x00000000edb80000,0x00000000edb80000,0x00000000ef100000)
 ParOldGen       total 151552K, used 36228K [0x00000000a0000000, 0x00000000a9400000, 0x00000000e0000000)
  object space 151552K, 23% used [0x00000000a0000000,0x00000000a2361398,0x00000000a9400000)
 Metaspace       used 64667K, capacity 66788K, committed 67072K, reserved 1107968K
  class space    used 8906K, capacity 9377K, committed 9472K, reserved 1048576K
}
Event: 3161.498 GC heap before
{Heap before GC invocations=15 (full 3):
 PSYoungGen      total 189952K, used 182570K [0x00000000e0000000, 0x00000000ef100000, 0x0000000100000000)
  eden space 168448K, 100% used [0x00000000e0000000,0x00000000ea480000,0x00000000ea480000)
  from space 21504K, 65% used [0x00000000ea480000,0x00000000eb24aa80,0x00000000eb980000)
  to   space 22016K, 0% used [0x00000000edb80000,0x00000000edb80000,0x00000000ef100000)
 ParOldGen       total 151552K, used 36228K [0x00000000a0000000, 0x00000000a9400000, 0x00000000e0000000)
  object space 151552K, 23% used [0x00000000a0000000,0x00000000a2361398,0x00000000a9400000)
 Metaspace       used 73729K, capacity 76560K, committed 76800K, reserved 1116160K
  class space    used 9823K, capacity 10446K, committed 10496K, reserved 1048576K
Event: 3166.959 GC heap after
Heap after GC invocations=15 (full 3):
 PSYoungGen      total 185344K, used 22006K [0x00000000e0000000, 0x00000000ef100000, 0x0000000100000000)
  eden space 163328K, 0% used [0x00000000e0000000,0x00000000e0000000,0x00000000e9f80000)
  from space 22016K, 99% used [0x00000000edb80000,0x00000000ef0fda80,0x00000000ef100000)
  to   space 25088K, 0% used [0x00000000ec000000,0x00000000ec000000,0x00000000ed880000)
 ParOldGen       total 151552K, used 36512K [0x00000000a0000000, 0x00000000a9400000, 0x00000000e0000000)
  object space 151552K, 24% used [0x00000000a0000000,0x00000000a23a8210,0x00000000a9400000)
 Metaspace       used 73729K, capacity 76560K, committed 76800K, reserved 1116160K
  class space    used 9823K, capacity 10446K, committed 10496K, reserved 1048576K
}

