# JRE version: OpenJDK Runtime Environment (8.0_212-b04) (build 1.8.0_212-release-1586-b04)
# Java VM: OpenJDK 64-Bit Server VM (25.212-b04 mixed mode windows-amd64 compressed oops)
Heap:
 PSYoungGen      total 231936K, used 124055K [0x00000000e0000000, 0x00000000f2180000, 0x0000000100000000)
  eden space 208384K, 49% used [0x00000000e0000000,0x00000000e654d360,0x00000000ecb80000)
  from space 23552K, 86% used [0x00000000ecb80000,0x00000000edf58bd0,0x00000000ee280000)
  to   space 26112K, 0% used [0x00000000f0800000,0x00000000f0800000,0x00000000f2180000)
 ParOldGen       total 129536K, used 30749K [0x00000000a0000000, 0x00000000a7e80000, 0x00000000e0000000)
  object space 129536K, 23% used [0x00000000a0000000,0x00000000a1e07578,0x00000000a7e80000)
 Metaspace       used 81098K, capacity 85924K, committed 86144K, reserved 1124352K
  class space    used 10929K, capacity 11839K, committed 11904K, reserved 1048576K
GC Heap History (10 events):
Event: 8.859 GC heap before
{Heap before GC invocations=14 (full 2):
 PSYoungGen      total 162304K, used 28911K [0x00000000e0000000, 0x00000000ece80000, 0x0000000100000000)
  eden space 147456K, 9% used [0x00000000e0000000,0x00000000e0dc06c0,0x00000000e9000000)
  from space 14848K, 99% used [0x00000000e9000000,0x00000000e9e7b5b0,0x00000000e9e80000)
  to   space 19456K, 0% used [0x00000000ebb80000,0x00000000ebb80000,0x00000000ece80000)
 ParOldGen       total 88576K, used 25740K [0x00000000a0000000, 0x00000000a5680000, 0x00000000e0000000)
  object space 88576K, 29% used [0x00000000a0000000,0x00000000a19231b8,0x00000000a5680000)
 Metaspace       used 56975K, capacity 59032K, committed 59136K, reserved 1099776K
  class space    used 7894K, capacity 8399K, committed 8448K, reserved 1048576K
Event: 8.867 GC heap after
Heap after GC invocations=14 (full 2):
 PSYoungGen      total 192000K, used 1632K [0x00000000e0000000, 0x00000000ee700000, 0x0000000100000000)
  eden space 172544K, 0% used [0x00000000e0000000,0x00000000e0000000,0x00000000ea880000)
  from space 19456K, 8% used [0x00000000ebb80000,0x00000000ebd18010,0x00000000ece80000)
  to   space 19456K, 0% used [0x00000000ea880000,0x00000000ea880000,0x00000000ebb80000)
 ParOldGen       total 88576K, used 34404K [0x00000000a0000000, 0x00000000a5680000, 0x00000000e0000000)
  object space 88576K, 38% used [0x00000000a0000000,0x00000000a2199090,0x00000000a5680000)
 Metaspace       used 56975K, capacity 59032K, committed 59136K, reserved 1099776K
  class space    used 7894K, capacity 8399K, committed 8448K, reserved 1048576K
}
Event: 8.867 GC heap before
{Heap before GC invocations=15 (full 3):
 PSYoungGen      total 192000K, used 1632K [0x00000000e0000000, 0x00000000ee700000, 0x0000000100000000)
  eden space 172544K, 0% used [0x00000000e0000000,0x00000000e0000000,0x00000000ea880000)
  from space 19456K, 8% used [0x00000000ebb80000,0x00000000ebd18010,0x00000000ece80000)
  to   space 19456K, 0% used [0x00000000ea880000,0x00000000ea880000,0x00000000ebb80000)
 ParOldGen       total 88576K, used 34404K [0x00000000a0000000, 0x00000000a5680000, 0x00000000e0000000)
  object space 88576K, 38% used [0x00000000a0000000,0x00000000a2199090,0x00000000a5680000)
 Metaspace       used 56975K, capacity 59032K, committed 59136K, reserved 1099776K
  class space    used 7894K, capacity 8399K, committed 8448K, reserved 1048576K
Event: 9.093 GC heap after
Heap after GC invocations=15 (full 3):
 PSYoungGen      total 192000K, used 0K [0x00000000e0000000, 0x00000000ee700000, 0x0000000100000000)
  eden space 172544K, 0% used [0x00000000e0000000,0x00000000e0000000,0x00000000ea880000)
  from space 19456K, 0% used [0x00000000ebb80000,0x00000000ebb80000,0x00000000ece80000)
  to   space 19456K, 0% used [0x00000000ea880000,0x00000000ea880000,0x00000000ebb80000)
 ParOldGen       total 129536K, used 30717K [0x00000000a0000000, 0x00000000a7e80000, 0x00000000e0000000)
  object space 129536K, 23% used [0x00000000a0000000,0x00000000a1dff578,0x00000000a7e80000)
 Metaspace       used 56851K, capacity 58680K, committed 59136K, reserved 1099776K
  class space    used 7857K, capacity 8333K, committed 8448K, reserved 1048576K
}
Event: 13.902 GC heap before
{Heap before GC invocations=16 (full 3):
 PSYoungGen      total 192000K, used 172544K [0x00000000e0000000, 0x00000000ee700000, 0x0000000100000000)
  eden space 172544K, 100% used [0x00000000e0000000,0x00000000ea880000,0x00000000ea880000)
  from space 19456K, 0% used [0x00000000ebb80000,0x00000000ebb80000,0x00000000ece80000)
  to   space 19456K, 0% used [0x00000000ea880000,0x00000000ea880000,0x00000000ebb80000)
 ParOldGen       total 129536K, used 30717K [0x00000000a0000000, 0x00000000a7e80000, 0x00000000e0000000)
  object space 129536K, 23% used [0x00000000a0000000,0x00000000a1dff578,0x00000000a7e80000)
 Metaspace       used 63166K, capacity 65782K, committed 65792K, reserved 1105920K
  class space    used 8677K, capacity 9206K, committed 9216K, reserved 1048576K
Event: 13.912 GC heap after
Heap after GC invocations=16 (full 3):
 PSYoungGen      total 192000K, used 16742K [0x00000000e0000000, 0x00000000ef800000, 0x0000000100000000)
  eden space 172544K, 0% used [0x00000000e0000000,0x00000000e0000000,0x00000000ea880000)
  from space 19456K, 86% used [0x00000000ea880000,0x00000000eb8d99c8,0x00000000ebb80000)
  to   space 21504K, 0% used [0x00000000ee300000,0x00000000ee300000,0x00000000ef800000)
 ParOldGen       total 129536K, used 30725K [0x00000000a0000000, 0x00000000a7e80000, 0x00000000e0000000)
  object space 129536K, 23% used [0x00000000a0000000,0x00000000a1e01578,0x00000000a7e80000)
 Metaspace       used 63166K, capacity 65782K, committed 65792K, reserved 1105920K
  class space    used 8677K, capacity 9206K, committed 9216K, reserved 1048576K
}
Event: 15.580 GC heap before
{Heap before GC invocations=17 (full 3):
 PSYoungGen      total 192000K, used 189286K [0x00000000e0000000, 0x00000000ef800000, 0x0000000100000000)
  eden space 172544K, 100% used [0x00000000e0000000,0x00000000ea880000,0x00000000ea880000)
  from space 19456K, 86% used [0x00000000ea880000,0x00000000eb8d99c8,0x00000000ebb80000)
  to   space 21504K, 0% used [0x00000000ee300000,0x00000000ee300000,0x00000000ef800000)
 ParOldGen       total 129536K, used 30725K [0x00000000a0000000, 0x00000000a7e80000, 0x00000000e0000000)
  object space 129536K, 23% used [0x00000000a0000000,0x00000000a1e01578,0x00000000a7e80000)
 Metaspace       used 73199K, capacity 77434K, committed 77568K, reserved 1116160K
  class space    used 10159K, capacity 10974K, committed 11008K, reserved 1048576K
Event: 15.598 GC heap after
Heap after GC invocations=17 (full 3):
 PSYoungGen      total 229888K, used 18176K [0x00000000e0000000, 0x00000000ef980000, 0x0000000100000000)
  eden space 208384K, 0% used [0x00000000e0000000,0x00000000e0000000,0x00000000ecb80000)
  from space 21504K, 84% used [0x00000000ee300000,0x00000000ef4c00a0,0x00000000ef800000)
  to   space 23552K, 0% used [0x00000000ecb80000,0x00000000ecb80000,0x00000000ee280000)
 ParOldGen       total 129536K, used 30741K [0x00000000a0000000, 0x00000000a7e80000, 0x00000000e0000000)
  object space 129536K, 23% used [0x00000000a0000000,0x00000000a1e05578,0x00000000a7e80000)
 Metaspace       used 73199K, capacity 77434K, committed 77568K, reserved 1116160K
  class space    used 10159K, capacity 10974K, committed 11008K, reserved 1048576K
}
Event: 46.813 GC heap before
{Heap before GC invocations=18 (full 3):
 PSYoungGen      total 229888K, used 226558K [0x00000000e0000000, 0x00000000ef980000, 0x0000000100000000)
  eden space 208384K, 99% used [0x00000000e0000000,0x00000000ecb7f9c0,0x00000000ecb80000)
  from space 21504K, 84% used [0x00000000ee300000,0x00000000ef4c00a0,0x00000000ef800000)
  to   space 23552K, 0% used [0x00000000ecb80000,0x00000000ecb80000,0x00000000ee280000)
 ParOldGen       total 129536K, used 30741K [0x00000000a0000000, 0x00000000a7e80000, 0x00000000e0000000)
  object space 129536K, 23% used [0x00000000a0000000,0x00000000a1e05578,0x00000000a7e80000)
 Metaspace       used 80146K, capacity 84926K, committed 85120K, reserved 1122304K
  class space    used 10903K, capacity 11808K, committed 11904K, reserved 1048576K
Event: 46.831 GC heap after
Heap after GC invocations=18 (full 3):
 PSYoungGen      total 231936K, used 20322K [0x00000000e0000000, 0x00000000f2180000, 0x0000000100000000)
  eden space 208384K, 0% used [0x00000000e0000000,0x00000000e0000000,0x00000000ecb80000)
  from space 23552K, 86% used [0x00000000ecb80000,0x00000000edf58bd0,0x00000000ee280000)
  to   space 26112K, 0% used [0x00000000f0800000,0x00000000f0800000,0x00000000f2180000)
 ParOldGen       total 129536K, used 30749K [0x00000000a0000000, 0x00000000a7e80000, 0x00000000e0000000)
  object space 129536K, 23% used [0x00000000a0000000,0x00000000a1e07578,0x00000000a7e80000)
 Metaspace       used 80146K, capacity 84926K, committed 85120K, reserved 1122304K
  class space    used 10903K, capacity 11808K, committed 11904K, reserved 1048576K
}

